SF:lib/src/firebase_exception.dart
DA:90,2
DA:106,1
DA:107,3
LF:3
LH:3
end_of_record
SF:lib/src/unified_notification/unified_notification.dart
DA:21,1
DA:22,1
DA:25,1
DA:27,2
DA:28,1
DA:61,1
DA:73,2
DA:76,2
DA:80,2
DA:83,2
DA:87,2
DA:90,2
DA:93,2
DA:96,2
DA:101,1
DA:103,2
DA:104,2
DA:105,2
DA:113,3
DA:116,1
DA:117,2
DA:119,2
DA:120,3
DA:121,1
DA:125,2
DA:126,3
DA:127,1
DA:129,1
DA:144,1
DA:155,1
DA:156,1
DA:158,2
DA:165,1
DA:169,2
DA:170,1
DA:173,1
DA:178,1
DA:179,2
DA:183,1
DA:184,2
DA:188,1
DA:189,2
DA:193,1
DA:194,2
DA:198,1
DA:199,2
DA:205,4
DA:207,4
DA:208,2
DA:209,4
DA:213,1
DA:214,1
DA:215,1
DA:216,1
DA:218,1
DA:221,2
DA:223,1
DA:224,3
DA:226,3
DA:227,2
DA:230,2
DA:235,1
DA:236,1
DA:240,2
DA:244,1
DA:245,2
DA:251,1
DA:252,2
DA:253,3
DA:258,1
DA:261,1
DA:264,2
DA:265,1
DA:266,1
DA:267,1
DA:268,1
DA:269,1
DA:270,2
DA:271,2
DA:272,2
DA:273,2
DA:274,1
DA:279,2
DA:284,1
DA:289,2
DA:293,1
DA:294,1
DA:295,2
DA:296,2
DA:297,2
DA:298,2
DA:299,1
LF:92
LH:92
end_of_record
SF:lib/src/unified_authentication/unified_authentication.dart
DA:12,1
DA:13,1
DA:16,1
DA:18,2
DA:19,1
DA:43,1
DA:46,2
DA:50,1
DA:62,2
DA:65,2
DA:67,2
DA:69,2
DA:71,2
DA:72,2
DA:76,1
DA:83,3
DA:86,3
DA:89,3
DA:92,1
DA:96,1
DA:103,1
DA:107,1
DA:116,1
DA:125,2
DA:129,1
DA:130,1
DA:133,1
DA:140,1
DA:144,2
DA:145,1
DA:151,1
DA:155,1
DA:159,1
DA:163,1
DA:164,3
DA:170,1
DA:174,1
DA:175,3
DA:183,1
DA:184,1
DA:185,3
DA:193,1
DA:194,2
DA:196,1
DA:201,3
DA:211,1
DA:213,2
DA:217,2
DA:218,1
DA:219,1
DA:220,1
DA:222,1
DA:226,1
DA:229,3
DA:230,1
DA:232,1
DA:236,1
DA:237,2
DA:238,1
DA:241,2
DA:242,2
DA:243,1
DA:244,2
DA:246,1
DA:249,1
DA:253,1
DA:254,2
DA:255,2
DA:256,2
DA:257,2
DA:264,1
DA:267,1
DA:268,3
DA:273,1
DA:277,1
DA:278,1
DA:279,1
DA:280,2
DA:281,1
DA:287,1
DA:289,1
DA:291,1
DA:293,1
DA:295,1
DA:297,1
DA:299,1
DA:301,1
DA:303,1
DA:305,1
DA:307,1
DA:309,1
DA:311,1
DA:319,1
DA:323,1
DA:324,1
DA:325,2
DA:326,3
DA:327,1
DA:328,2
DA:331,1
DA:333,1
DA:334,1
DA:338,1
DA:339,1
DA:354,1
DA:357,1
DA:358,1
DA:359,1
DA:363,1
DA:364,1
DA:369,1
LF:111
LH:111
end_of_record
